<?xml version="1.0" encoding="UTF-8"?>
<!-- Generated by org.testng.reporters.JUnitReportReporter -->
<testsuite hostname="IN-NOI-LAKSHT1" failures="0" tests="2" name="testcases.LoginTest" time="4.310" errors="0" timestamp="2023-12-21T04:32:50 IST" skipped="0">
  <testcase classname="testcases.LoginTest" name="negativeTC" time="2.460"/>
  <testcase classname="testcases.LoginTest" name="positiveTC" time="1.850"/>
</testsuite> <!-- testcases.LoginTest -->
